Generating new Snapshot.txt file...
Enter amounts to be stored on the given addresses.
Amounts can be given as numbers, or with suffixes Ki Mi Gi Ti Pi.
Hit Return without entering an amount to switch to another seed.
Hit return for the first address of a seed assign the remaining IOTA
and finish the process.

Remaining IOTA: 2779530283277761

Seed: ROOGKVJFDTZGEZHXE9KL9OAURFXSKHNEIJIWQK9MGQCYWHR9MCAWKA9ZVTAUBYLAYXXUJSATLSEZVZSPF
  KME9CLGPCVSFSAJJHDMNVUHSGHMTERQVFNLIX99DNSRLMMUBAWFVWSMOGSIVIVBNIUITWLINXCOSJTB9DUYNZMHBIC: 500Mi
  GNQFBOZPXGIZUUGIXDPGGEGLIJKYEJCNKFXWIQB99BUQHQWQKRQDFSXYEIAPPJUTKFHFXNQWLBM9JCAZDCICNQXFHY: 493Gi
  BGZNSQZTXIJSXPXLQQIO9IQPPKRIPAGOBOY9LKY9KDFPNIBV9OMABXBNNZLYXCXYPHJNG9ZBHBXXFITRBKYOJXRLZC: 23466
  SVHPPWWIESHRV9GUMVZRGVURGVMIFGMFRHPVPGX9OZTPMPKAPJZMCBEFKKMEJPLKUBULZ9DQCXDCDFLZCEUBBUSN9A: 10
  EVMCHEQGSFFGCIZMPUNLUJWGHGOHCIFIQTCYNTXNDCAMVXCKVVZDMARWQKRDSAHCTLTDFVYFFZ9I9KKPCMYPVXEWZW: 1
  LKVQUYCCISJ9URXMYJQHITKYHFRMHZPZCRTCAISMGYACDOYLHUPSCARKR9TFBXRRWNXLWHCJACQLYBHGBXVAVEPEOC: 2
  OHYUDORAIVRTV9IQCU99TSHBLBZBONWLKJWQCWXLUBIHVCKBLBRKGUBUBEBUMXIVNUSQGFWDNXIHVPLIAAFUTNE9XX: 3
  CHKFNVEDPDTKLDRIWFNJUATIZIINVJCPURA9KGAPDFDDA99UBGLEWZMFMVDI9OPNXZSUSJDFDHEYNJZGAVDXGSXHQY: 4
  IBLSERCWYMCRPMHUBUDYSSIRKIW9JXGDCBPVCHKUPHLHISYUKJQCDTBWPHWZKDHDNGBODDSAV9ROXHQNCMBHJPHBNB: 5
  9EFV9GVZ9GPWCYBYDRYOCOAFUKWVQUXGDQAQITPWAXGDHZQIVIYTDKKHWWPZTGOLOFADXDSPGOG9IQISWSFHOUXMDB: 6
  EUKUCXVIIILFPYNHMXQTHTTFPOS9RI9SWQZAPAOZIAFEXIGLJWYFWOFZGWWKESUBKVP99KN9TKLQMUDAZLCIYQANYX: 7
  LWRUWVFNAMQKHPMAYCXEMTTDRFGJ9JOWQ9FRGH9GDMPOVHTIQXDIUNCI9KDYKOYXRVCBHYIKLNTHTUYMAS9KEXFKIX: 8
  DZSAOHMVCQPQYIBCQWOPFKGOBXJUAQIDHUDLWKCAFPAQYCPGHBQXZQNCDUJZDIBRGIMXBRGHPTDDYJANDSUFETYXSW: 9
  DGKPZ9CAX9IAHDGVDKPGPOFCTAOORMABYYITZBLRXTLWGYONIGHDBIGREULKFOJL9OCAJDBXVLMYHOOA9ASTOJYSRY: 10
  ODLQILIVWUZBPNDNIQTWLUJKWGCPGGKQXWSOKDHDMPFGPSGCTYCDT9BKCFFLMXQTBVRQNHLTRURLPACJAEVLWJOXRC: 1000Ti
  WQWICOAP9BPZMOOZMCGRWKICCUNYJBSXYGZIMSSUIDMQXNEOVORTTWM9OES9CXB9SBTNINTOYIDFPUDXXLOKZMD9RC: 

Seed: NKRDIHYTLKCFOABECTCOYC9XXHSRHZTRSJJJRJZLTDDTLKPUDWQGAGEOEMWOUWWAMOZVTQPFMOGTKMZEX
  WXLGIYKUVLCJLNPWLLGKDPG9MRGDLXRHI9BLCTUMUTYYMQKADNH9RUFNOJHROEQOLOAKJENFBEFYABCQXF9JHAPGCX: 
  WXLGIYKUVLCJLNPWLLGKDPG9MRGDLXRHI9BLCTUMUTYYMQKADNH9RUFNOJHROEQOLOAKJENFBEFYABCQXF9JHAPGCX: 1779036783254230

Done.
